This file contains any messages produced by compilers while
running configure, to aid debugging if configure makes a mistake.

It was created by openocd configure 0.10.0, which was
generated by GNU Autoconf 2.69.  Invocation command line was

  $ ../configure 

## --------- ##
## Platform. ##
## --------- ##

hostname = user-laptop
uname -m = x86_64
uname -r = 4.10.0-28-generic
uname -s = Linux
uname -v = #32~16.04.2-Ubuntu SMP Thu Jul 20 10:19:48 UTC 2017

/usr/bin/uname -p = unknown
/bin/uname -X     = unknown

/bin/arch              = unknown
/usr/bin/arch -k       = unknown
/usr/convex/getsysinfo = unknown
/usr/bin/hostinfo      = unknown
/bin/machine           = unknown
/usr/bin/oslevel       = unknown
/bin/universe          = unknown

PATH: /home/user/bin
PATH: /home/user/.local/bin
PATH: /usr/local/sbin
PATH: /usr/local/bin
PATH: /usr/sbin
PATH: /usr/bin
PATH: /sbin
PATH: /bin
PATH: /usr/games
PATH: /usr/local/games
PATH: /snap/bin
PATH: /usr/local/jdk1.8.0_201


## ----------- ##
## Core tests. ##
## ----------- ##

configure:2576: checking for makeinfo
configure:2606: result: no
configure:2614: WARNING: Info documentation will not be built.
configure:2665: checking for a BSD-compatible install
configure:2733: result: /usr/bin/install -c
configure:2744: checking whether build environment is sane
configure:2799: result: yes
configure:2950: checking for a thread-safe mkdir -p
configure:2989: result: /bin/mkdir -p
configure:2996: checking for gawk
configure:3026: result: no
configure:2996: checking for mawk
configure:3012: found /usr/bin/mawk
configure:3023: result: mawk
configure:3034: checking whether make sets $(MAKE)
configure:3056: result: yes
configure:3085: checking whether make supports nested variables
configure:3102: result: yes
configure:3287: checking for gcc
configure:3303: found /usr/bin/gcc
configure:3314: result: gcc
configure:3543: checking for C compiler version
configure:3552: gcc --version >&5
gcc (Ubuntu 5.4.0-6ubuntu1~16.04.10) 5.4.0 20160609
Copyright (C) 2015 Free Software Foundation, Inc.
This is free software; see the source for copying conditions.  There is NO
warranty; not even for MERCHANTABILITY or FITNESS FOR A PARTICULAR PURPOSE.

configure:3563: $? = 0
configure:3552: gcc -v >&5
Using built-in specs.
COLLECT_GCC=gcc
COLLECT_LTO_WRAPPER=/usr/lib/gcc/x86_64-linux-gnu/5/lto-wrapper
Target: x86_64-linux-gnu
Configured with: ../src/configure -v --with-pkgversion='Ubuntu 5.4.0-6ubuntu1~16.04.10' --with-bugurl=file:///usr/share/doc/gcc-5/README.Bugs --enable-languages=c,ada,c++,java,go,d,fortran,objc,obj-c++ --prefix=/usr --program-suffix=-5 --enable-shared --enable-linker-build-id --libexecdir=/usr/lib --without-included-gettext --enable-threads=posix --libdir=/usr/lib --enable-nls --with-sysroot=/ --enable-clocale=gnu --enable-libstdcxx-debug --enable-libstdcxx-time=yes --with-default-libstdcxx-abi=new --enable-gnu-unique-object --disable-vtable-verify --enable-libmpx --enable-plugin --with-system-zlib --disable-browser-plugin --enable-java-awt=gtk --enable-gtk-cairo --with-java-home=/usr/lib/jvm/java-1.5.0-gcj-5-amd64/jre --enable-java-home --with-jvm-root-dir=/usr/lib/jvm/java-1.5.0-gcj-5-amd64 --with-jvm-jar-dir=/usr/lib/jvm-exports/java-1.5.0-gcj-5-amd64 --with-arch-directory=amd64 --with-ecj-jar=/usr/share/java/eclipse-ecj.jar --enable-objc-gc --enable-multiarch --disable-werror --with-arch-32=i686 --with-abi=m64 --with-multilib-list=m32,m64,mx32 --enable-multilib --with-tune=generic --enable-checking=release --build=x86_64-linux-gnu --host=x86_64-linux-gnu --target=x86_64-linux-gnu
Thread model: posix
gcc version 5.4.0 20160609 (Ubuntu 5.4.0-6ubuntu1~16.04.10) 
configure:3563: $? = 0
configure:3552: gcc -V >&5
gcc: error: unrecognized command line option '-V'
gcc: fatal error: no input files
compilation terminated.
configure:3563: $? = 1
configure:3552: gcc -qversion >&5
gcc: error: unrecognized command line option '-qversion'
gcc: fatal error: no input files
compilation terminated.
configure:3563: $? = 1
configure:3583: checking whether the C compiler works
configure:3605: gcc    conftest.c  >&5
configure:3609: $? = 0
configure:3657: result: yes
configure:3660: checking for C compiler default output file name
configure:3662: result: a.out
configure:3668: checking for suffix of executables
configure:3675: gcc -o conftest    conftest.c  >&5
configure:3679: $? = 0
configure:3701: result: 
configure:3723: checking whether we are cross compiling
configure:3731: gcc -o conftest    conftest.c  >&5
configure:3735: $? = 0
configure:3742: ./conftest
configure:3746: $? = 0
configure:3761: result: no
configure:3766: checking for suffix of object files
configure:3788: gcc -c   conftest.c >&5
configure:3792: $? = 0
configure:3813: result: o
configure:3817: checking whether we are using the GNU C compiler
configure:3836: gcc -c   conftest.c >&5
configure:3836: $? = 0
configure:3845: result: yes
configure:3854: checking whether gcc accepts -g
configure:3874: gcc -c -g  conftest.c >&5
configure:3874: $? = 0
configure:3915: result: yes
configure:3932: checking for gcc option to accept ISO C89
configure:3995: gcc  -c -g -O2  conftest.c >&5
configure:3995: $? = 0
configure:4008: result: none needed
configure:4033: checking whether gcc understands -c and -o together
configure:4055: gcc -c conftest.c -o conftest2.o
configure:4058: $? = 0
configure:4055: gcc -c conftest.c -o conftest2.o
configure:4058: $? = 0
configure:4070: result: yes
configure:4098: checking for style of include used by make
configure:4126: result: GNU
configure:4152: checking dependency style of gcc
configure:4263: result: gcc3
configure:4278: checking for gcc option to accept ISO C99
configure:4427: gcc  -c -g -O2  conftest.c >&5
configure:4427: $? = 0
configure:4440: result: none needed
configure:4499: checking for ranlib
configure:4515: found /usr/bin/ranlib
configure:4526: result: ranlib
configure:4602: checking for pkg-config
configure:4620: found /usr/bin/pkg-config
configure:4632: result: /usr/bin/pkg-config
configure:4657: checking pkg-config is at least version 0.23
configure:4660: result: yes
configure:4732: checking build system type
configure:4746: result: x86_64-pc-linux-gnu
configure:4766: checking host system type
configure:4779: result: x86_64-pc-linux-gnu
configure:4820: checking how to print strings
configure:4847: result: printf
configure:4868: checking for a sed that does not truncate output
configure:4932: result: /bin/sed
configure:4950: checking for grep that handles long lines and -e
configure:5008: result: /bin/grep
configure:5013: checking for egrep
configure:5075: result: /bin/grep -E
configure:5080: checking for fgrep
configure:5142: result: /bin/grep -F
configure:5177: checking for ld used by gcc
configure:5244: result: /usr/bin/ld
configure:5251: checking if the linker (/usr/bin/ld) is GNU ld
configure:5266: result: yes
configure:5278: checking for BSD- or MS-compatible name lister (nm)
configure:5332: result: /usr/bin/nm -B
configure:5462: checking the name lister (/usr/bin/nm -B) interface
configure:5469: gcc -c -g -O2  conftest.c >&5
configure:5472: /usr/bin/nm -B "conftest.o"
configure:5475: output
0000000000000000 B some_variable
configure:5482: result: BSD nm
configure:5485: checking whether ln -s works
configure:5489: result: yes
configure:5497: checking the maximum length of command line arguments
configure:5628: result: 1572864
configure:5676: checking how to convert x86_64-pc-linux-gnu file names to x86_64-pc-linux-gnu format
configure:5716: result: func_convert_file_noop
configure:5723: checking how to convert x86_64-pc-linux-gnu file names to toolchain format
configure:5743: result: func_convert_file_noop
configure:5750: checking for /usr/bin/ld option to reload object files
configure:5757: result: -r
configure:5831: checking for objdump
configure:5847: found /usr/bin/objdump
configure:5858: result: objdump
configure:5890: checking how to recognize dependent libraries
configure:6090: result: pass_all
configure:6175: checking for dlltool
configure:6205: result: no
configure:6235: checking how to associate runtime and link libraries
configure:6262: result: printf %s\n
configure:6323: checking for ar
configure:6339: found /usr/bin/ar
configure:6350: result: ar
configure:6387: checking for archiver @FILE support
configure:6404: gcc -c -g -O2  conftest.c >&5
configure:6404: $? = 0
configure:6407: ar cru libconftest.a @conftest.lst >&5
ar: `u' modifier ignored since `D' is the default (see `U')
configure:6410: $? = 0
configure:6415: ar cru libconftest.a @conftest.lst >&5
ar: `u' modifier ignored since `D' is the default (see `U')
ar: conftest.o: No such file or directory
configure:6418: $? = 1
configure:6430: result: @
configure:6488: checking for strip
configure:6504: found /usr/bin/strip
configure:6515: result: strip
configure:6587: checking for ranlib
configure:6614: result: ranlib
configure:6716: checking command to parse /usr/bin/nm -B output from gcc object
configure:6869: gcc -c -g -O2  conftest.c >&5
configure:6872: $? = 0
configure:6876: /usr/bin/nm -B conftest.o \| sed -n -e 's/^.*[ ]\([ABCDGIRSTW][ABCDGIRSTW]*\)[ ][ ]*\([_A-Za-z][_A-Za-z0-9]*\)$/\1 \2 \2/p' | sed '/ __gnu_lto/d' \> conftest.nm
configure:6879: $? = 0
configure:6945: gcc -o conftest -g -O2   conftest.c conftstm.o >&5
configure:6948: $? = 0
configure:6986: result: ok
configure:7033: checking for sysroot
configure:7063: result: no
configure:7070: checking for a working dd
configure:7108: result: /bin/dd
configure:7112: checking how to truncate binary pipes
configure:7127: result: /bin/dd bs=4096 count=1
configure:7263: gcc -c -g -O2  conftest.c >&5
configure:7266: $? = 0
configure:7456: checking for mt
configure:7472: found /bin/mt
configure:7483: result: mt
configure:7506: checking if mt is a manifest tool
configure:7512: mt '-?'
configure:7520: result: no
configure:8197: checking how to run the C preprocessor
configure:8228: gcc -E  conftest.c
configure:8228: $? = 0
configure:8242: gcc -E  conftest.c
conftest.c:11:28: fatal error: ac_nonexistent.h: No such file or directory
compilation terminated.
configure:8242: $? = 1
configure: failed program was:
| /* confdefs.h */
| #define PACKAGE_NAME "openocd"
| #define PACKAGE_TARNAME "openocd"
| #define PACKAGE_VERSION "0.10.0"
| #define PACKAGE_STRING "openocd 0.10.0"
| #define PACKAGE_BUGREPORT "OpenOCD Mailing List <openocd-devel@lists.sourceforge.net>"
| #define PACKAGE_URL ""
| #define PACKAGE "openocd"
| #define VERSION "0.10.0"
| /* end confdefs.h.  */
| #include <ac_nonexistent.h>
configure:8267: result: gcc -E
configure:8287: gcc -E  conftest.c
configure:8287: $? = 0
configure:8301: gcc -E  conftest.c
conftest.c:11:28: fatal error: ac_nonexistent.h: No such file or directory
compilation terminated.
configure:8301: $? = 1
configure: failed program was:
| /* confdefs.h */
| #define PACKAGE_NAME "openocd"
| #define PACKAGE_TARNAME "openocd"
| #define PACKAGE_VERSION "0.10.0"
| #define PACKAGE_STRING "openocd 0.10.0"
| #define PACKAGE_BUGREPORT "OpenOCD Mailing List <openocd-devel@lists.sourceforge.net>"
| #define PACKAGE_URL ""
| #define PACKAGE "openocd"
| #define VERSION "0.10.0"
| /* end confdefs.h.  */
| #include <ac_nonexistent.h>
configure:8330: checking for ANSI C header files
configure:8350: gcc -c -g -O2  conftest.c >&5
configure:8350: $? = 0
configure:8423: gcc -o conftest -g -O2   conftest.c  >&5
configure:8423: $? = 0
configure:8423: ./conftest
configure:8423: $? = 0
configure:8434: result: yes
configure:8447: checking for sys/types.h
configure:8447: gcc -c -g -O2  conftest.c >&5
configure:8447: $? = 0
configure:8447: result: yes
configure:8447: checking for sys/stat.h
configure:8447: gcc -c -g -O2  conftest.c >&5
configure:8447: $? = 0
configure:8447: result: yes
configure:8447: checking for stdlib.h
configure:8447: gcc -c -g -O2  conftest.c >&5
configure:8447: $? = 0
configure:8447: result: yes
configure:8447: checking for string.h
configure:8447: gcc -c -g -O2  conftest.c >&5
configure:8447: $? = 0
configure:8447: result: yes
configure:8447: checking for memory.h
configure:8447: gcc -c -g -O2  conftest.c >&5
configure:8447: $? = 0
configure:8447: result: yes
configure:8447: checking for strings.h
configure:8447: gcc -c -g -O2  conftest.c >&5
configure:8447: $? = 0
configure:8447: result: yes
configure:8447: checking for inttypes.h
configure:8447: gcc -c -g -O2  conftest.c >&5
configure:8447: $? = 0
configure:8447: result: yes
configure:8447: checking for stdint.h
configure:8447: gcc -c -g -O2  conftest.c >&5
configure:8447: $? = 0
configure:8447: result: yes
configure:8447: checking for unistd.h
configure:8447: gcc -c -g -O2  conftest.c >&5
configure:8447: $? = 0
configure:8447: result: yes
configure:8461: checking for dlfcn.h
configure:8461: gcc -c -g -O2  conftest.c >&5
configure:8461: $? = 0
configure:8461: result: yes
configure:8687: checking for objdir
configure:8702: result: .libs
configure:8962: checking if gcc supports -fno-rtti -fno-exceptions
configure:8980: gcc -c -g -O2  -fno-rtti -fno-exceptions conftest.c >&5
cc1: warning: command line option '-fno-rtti' is valid for C++/ObjC++ but not for C
configure:8984: $? = 0
configure:8997: result: no
configure:9355: checking for gcc option to produce PIC
configure:9362: result: -fPIC -DPIC
configure:9370: checking if gcc PIC flag -fPIC -DPIC works
configure:9388: gcc -c -g -O2  -fPIC -DPIC -DPIC conftest.c >&5
configure:9392: $? = 0
configure:9405: result: yes
configure:9434: checking if gcc static flag -static works
configure:9462: result: yes
configure:9477: checking if gcc supports -c -o file.o
configure:9498: gcc -c -g -O2  -o out/conftest2.o conftest.c >&5
configure:9502: $? = 0
configure:9524: result: yes
configure:9532: checking if gcc supports -c -o file.o
configure:9579: result: yes
configure:9612: checking whether the gcc linker (/usr/bin/ld -m elf_x86_64) supports shared libraries
configure:10871: result: yes
configure:11111: checking dynamic linker characteristics
configure:11705: gcc -o conftest -g -O2   -Wl,-rpath -Wl,/foo conftest.c  >&5
configure:11705: $? = 0
configure:11942: result: GNU/Linux ld.so
configure:12064: checking how to hardcode library paths into programs
configure:12089: result: immediate
configure:12637: checking whether stripping libraries is possible
configure:12642: result: yes
configure:12677: checking if libtool supports shared libraries
configure:12679: result: yes
configure:12682: checking whether to build shared libraries
configure:12707: result: no
configure:12710: checking whether to build static libraries
configure:12714: result: yes
configure:12753: checking for an ANSI C-conforming const
configure:12819: gcc -c -g -O2  conftest.c >&5
configure:12819: $? = 0
configure:12826: result: yes
configure:12835: checking for unsigned long long int
configure:12883: result: yes
configure:12893: checking for long long int
configure:12943: result: yes
configure:12952: checking for library containing ioperm
configure:12983: gcc -o conftest -g -O2   conftest.c  >&5
configure:12983: $? = 0
configure:13000: result: none required
configure:13008: checking for library containing dlopen
configure:13039: gcc -o conftest -g -O2   conftest.c  >&5
/tmp/ccsMh0Gh.o: In function `main':
/home/user/project/openocd-0.10.0/build/conftest.c:36: undefined reference to `dlopen'
collect2: error: ld returned 1 exit status
configure:13039: $? = 1
configure: failed program was:
| /* confdefs.h */
| #define PACKAGE_NAME "openocd"
| #define PACKAGE_TARNAME "openocd"
| #define PACKAGE_VERSION "0.10.0"
| #define PACKAGE_STRING "openocd 0.10.0"
| #define PACKAGE_BUGREPORT "OpenOCD Mailing List <openocd-devel@lists.sourceforge.net>"
| #define PACKAGE_URL ""
| #define PACKAGE "openocd"
| #define VERSION "0.10.0"
| #define STDC_HEADERS 1
| #define HAVE_SYS_TYPES_H 1
| #define HAVE_SYS_STAT_H 1
| #define HAVE_STDLIB_H 1
| #define HAVE_STRING_H 1
| #define HAVE_MEMORY_H 1
| #define HAVE_STRINGS_H 1
| #define HAVE_INTTYPES_H 1
| #define HAVE_STDINT_H 1
| #define HAVE_UNISTD_H 1
| #define HAVE_DLFCN_H 1
| #define LT_OBJDIR ".libs/"
| #define HAVE_UNSIGNED_LONG_LONG_INT 1
| #define HAVE_LONG_LONG_INT 1
| /* end confdefs.h.  */
| 
| /* Override any GCC internal prototype to avoid an error.
|    Use char because int might match the return type of a GCC
|    builtin and then its argument prototype would still apply.  */
| #ifdef __cplusplus
| extern "C"
| #endif
| char dlopen ();
| int
| main ()
| {
| return dlopen ();
|   ;
|   return 0;
| }
configure:13039: gcc -o conftest -g -O2   conftest.c -ldl   >&5
configure:13039: $? = 0
configure:13056: result: -ldl
configure:13067: checking sys/socket.h usability
configure:13067: gcc -c -g -O2  conftest.c >&5
configure:13067: $? = 0
configure:13067: result: yes
configure:13067: checking sys/socket.h presence
configure:13067: gcc -E  conftest.c
configure:13067: $? = 0
configure:13067: result: yes
configure:13067: checking for sys/socket.h
configure:13067: result: yes
configure:13079: checking elf.h usability
configure:13079: gcc -c -g -O2  conftest.c >&5
configure:13079: $? = 0
configure:13079: result: yes
configure:13079: checking elf.h presence
configure:13079: gcc -E  conftest.c
configure:13079: $? = 0
configure:13079: result: yes
configure:13079: checking for elf.h
configure:13079: result: yes
configure:13091: checking dirent.h usability
configure:13091: gcc -c -g -O2  conftest.c >&5
configure:13091: $? = 0
configure:13091: result: yes
configure:13091: checking dirent.h presence
configure:13091: gcc -E  conftest.c
configure:13091: $? = 0
configure:13091: result: yes
configure:13091: checking for dirent.h
configure:13091: result: yes
configure:13103: checking fcntl.h usability
configure:13103: gcc -c -g -O2  conftest.c >&5
configure:13103: $? = 0
configure:13103: result: yes
configure:13103: checking fcntl.h presence
configure:13103: gcc -E  conftest.c
configure:13103: $? = 0
configure:13103: result: yes
configure:13103: checking for fcntl.h
configure:13103: result: yes
configure:13115: checking malloc.h usability
configure:13115: gcc -c -g -O2  conftest.c >&5
configure:13115: $? = 0
configure:13115: result: yes
configure:13115: checking malloc.h presence
configure:13115: gcc -E  conftest.c
configure:13115: $? = 0
configure:13115: result: yes
configure:13115: checking for malloc.h
configure:13115: result: yes
configure:13127: checking netdb.h usability
configure:13127: gcc -c -g -O2  conftest.c >&5
configure:13127: $? = 0
configure:13127: result: yes
configure:13127: checking netdb.h presence
configure:13127: gcc -E  conftest.c
configure:13127: $? = 0
configure:13127: result: yes
configure:13127: checking for netdb.h
configure:13127: result: yes
configure:13139: checking poll.h usability
configure:13139: gcc -c -g -O2  conftest.c >&5
configure:13139: $? = 0
configure:13139: result: yes
configure:13139: checking poll.h presence
configure:13139: gcc -E  conftest.c
configure:13139: $? = 0
configure:13139: result: yes
configure:13139: checking for poll.h
configure:13139: result: yes
configure:13151: checking pthread.h usability
configure:13151: gcc -c -g -O2  conftest.c >&5
configure:13151: $? = 0
configure:13151: result: yes
configure:13151: checking pthread.h presence
configure:13151: gcc -E  conftest.c
configure:13151: $? = 0
configure:13151: result: yes
configure:13151: checking for pthread.h
configure:13151: result: yes
configure:13163: checking for strings.h
configure:13163: result: yes
configure:13175: checking sys/ioctl.h usability
configure:13175: gcc -c -g -O2  conftest.c >&5
configure:13175: $? = 0
configure:13175: result: yes
configure:13175: checking sys/ioctl.h presence
configure:13175: gcc -E  conftest.c
configure:13175: $? = 0
configure:13175: result: yes
configure:13175: checking for sys/ioctl.h
configure:13175: result: yes
configure:13187: checking sys/param.h usability
configure:13187: gcc -c -g -O2  conftest.c >&5
configure:13187: $? = 0
configure:13187: result: yes
configure:13187: checking sys/param.h presence
configure:13187: gcc -E  conftest.c
configure:13187: $? = 0
configure:13187: result: yes
configure:13187: checking for sys/param.h
configure:13187: result: yes
configure:13199: checking sys/select.h usability
configure:13199: gcc -c -g -O2  conftest.c >&5
configure:13199: $? = 0
configure:13199: result: yes
configure:13199: checking sys/select.h presence
configure:13199: gcc -E  conftest.c
configure:13199: $? = 0
configure:13199: result: yes
configure:13199: checking for sys/select.h
configure:13199: result: yes
configure:13211: checking for sys/stat.h
configure:13211: result: yes
configure:13223: checking sys/sysctl.h usability
configure:13223: gcc -c -g -O2  conftest.c >&5
configure:13223: $? = 0
configure:13223: result: yes
configure:13223: checking sys/sysctl.h presence
configure:13223: gcc -E  conftest.c
configure:13223: $? = 0
configure:13223: result: yes
configure:13223: checking for sys/sysctl.h
configure:13223: result: yes
configure:13235: checking sys/time.h usability
configure:13235: gcc -c -g -O2  conftest.c >&5
configure:13235: $? = 0
configure:13235: result: yes
configure:13235: checking sys/time.h presence
configure:13235: gcc -E  conftest.c
configure:13235: $? = 0
configure:13235: result: yes
configure:13235: checking for sys/time.h
configure:13235: result: yes
configure:13247: checking for sys/types.h
configure:13247: result: yes
configure:13259: checking for unistd.h
configure:13259: result: yes
configure:13272: checking for arpa/inet.h
configure:13272: gcc -c -g -O2  conftest.c >&5
configure:13272: $? = 0
configure:13272: result: yes
configure:13272: checking for ifaddrs.h
configure:13272: gcc -c -g -O2  conftest.c >&5
configure:13272: $? = 0
configure:13272: result: yes
configure:13272: checking for netinet/in.h
configure:13272: gcc -c -g -O2  conftest.c >&5
configure:13272: $? = 0
configure:13272: result: yes
configure:13272: checking for netinet/tcp.h
configure:13272: gcc -c -g -O2  conftest.c >&5
configure:13272: $? = 0
configure:13272: result: yes
configure:13272: checking for net/if.h
configure:13272: gcc -c -g -O2  conftest.c >&5
configure:13272: $? = 0
configure:13272: result: yes
configure:13297: checking whether to enable assertions
configure:13315: result: yes
configure:13318: checking for stdbool.h that conforms to C99
configure:13385: gcc -c -g -O2  conftest.c >&5
configure:13385: $? = 0
configure:13392: result: yes
configure:13394: checking for _Bool
configure:13394: gcc -c -g -O2  conftest.c >&5
configure:13394: $? = 0
configure:13394: gcc -c -g -O2  conftest.c >&5
conftest.c: In function 'main':
conftest.c:83:20: error: expected expression before ')' token
 if (sizeof ((_Bool)))
                    ^
configure:13394: $? = 1
configure: failed program was:
| /* confdefs.h */
| #define PACKAGE_NAME "openocd"
| #define PACKAGE_TARNAME "openocd"
| #define PACKAGE_VERSION "0.10.0"
| #define PACKAGE_STRING "openocd 0.10.0"
| #define PACKAGE_BUGREPORT "OpenOCD Mailing List <openocd-devel@lists.sourceforge.net>"
| #define PACKAGE_URL ""
| #define PACKAGE "openocd"
| #define VERSION "0.10.0"
| #define STDC_HEADERS 1
| #define HAVE_SYS_TYPES_H 1
| #define HAVE_SYS_STAT_H 1
| #define HAVE_STDLIB_H 1
| #define HAVE_STRING_H 1
| #define HAVE_MEMORY_H 1
| #define HAVE_STRINGS_H 1
| #define HAVE_INTTYPES_H 1
| #define HAVE_STDINT_H 1
| #define HAVE_UNISTD_H 1
| #define HAVE_DLFCN_H 1
| #define LT_OBJDIR ".libs/"
| #define HAVE_UNSIGNED_LONG_LONG_INT 1
| #define HAVE_LONG_LONG_INT 1
| #define HAVE_SYS_SOCKET_H 1
| #define HAVE_ELF_H 1
| #define HAVE_DIRENT_H 1
| #define HAVE_FCNTL_H 1
| #define HAVE_MALLOC_H 1
| #define HAVE_NETDB_H 1
| #define HAVE_POLL_H 1
| #define HAVE_PTHREAD_H 1
| #define HAVE_STRINGS_H 1
| #define HAVE_SYS_IOCTL_H 1
| #define HAVE_SYS_PARAM_H 1
| #define HAVE_SYS_SELECT_H 1
| #define HAVE_SYS_STAT_H 1
| #define HAVE_SYS_SYSCTL_H 1
| #define HAVE_SYS_TIME_H 1
| #define HAVE_SYS_TYPES_H 1
| #define HAVE_UNISTD_H 1
| #define HAVE_ARPA_INET_H 1
| #define HAVE_IFADDRS_H 1
| #define HAVE_NETINET_IN_H 1
| #define HAVE_NETINET_TCP_H 1
| #define HAVE_NET_IF_H 1
| /* end confdefs.h.  */
| #include <stdio.h>
| #ifdef HAVE_SYS_TYPES_H
| # include <sys/types.h>
| #endif
| #ifdef HAVE_SYS_STAT_H
| # include <sys/stat.h>
| #endif
| #ifdef STDC_HEADERS
| # include <stdlib.h>
| # include <stddef.h>
| #else
| # ifdef HAVE_STDLIB_H
| #  include <stdlib.h>
| # endif
| #endif
| #ifdef HAVE_STRING_H
| # if !defined STDC_HEADERS && defined HAVE_MEMORY_H
| #  include <memory.h>
| # endif
| # include <string.h>
| #endif
| #ifdef HAVE_STRINGS_H
| # include <strings.h>
| #endif
| #ifdef HAVE_INTTYPES_H
| # include <inttypes.h>
| #endif
| #ifdef HAVE_STDINT_H
| # include <stdint.h>
| #endif
| #ifdef HAVE_UNISTD_H
| # include <unistd.h>
| #endif
| int
| main ()
| {
| if (sizeof ((_Bool)))
| 	    return 0;
|   ;
|   return 0;
| }
configure:13394: result: yes
configure:13411: checking whether time.h and sys/time.h may both be included
configure:13431: gcc -c -g -O2  conftest.c >&5
configure:13431: $? = 0
configure:13438: result: yes
configure:13447: checking whether byte ordering is bigendian
configure:13462: gcc -c -g -O2  conftest.c >&5
conftest.c:51:9: error: unknown type name 'not'
         not a universal capable compiler
         ^
conftest.c:51:15: error: expected '=', ',', ';', 'asm' or '__attribute__' before 'universal'
         not a universal capable compiler
               ^
conftest.c:51:15: error: unknown type name 'universal'
configure:13462: $? = 1
configure: failed program was:
| /* confdefs.h */
| #define PACKAGE_NAME "openocd"
| #define PACKAGE_TARNAME "openocd"
| #define PACKAGE_VERSION "0.10.0"
| #define PACKAGE_STRING "openocd 0.10.0"
| #define PACKAGE_BUGREPORT "OpenOCD Mailing List <openocd-devel@lists.sourceforge.net>"
| #define PACKAGE_URL ""
| #define PACKAGE "openocd"
| #define VERSION "0.10.0"
| #define STDC_HEADERS 1
| #define HAVE_SYS_TYPES_H 1
| #define HAVE_SYS_STAT_H 1
| #define HAVE_STDLIB_H 1
| #define HAVE_STRING_H 1
| #define HAVE_MEMORY_H 1
| #define HAVE_STRINGS_H 1
| #define HAVE_INTTYPES_H 1
| #define HAVE_STDINT_H 1
| #define HAVE_UNISTD_H 1
| #define HAVE_DLFCN_H 1
| #define LT_OBJDIR ".libs/"
| #define HAVE_UNSIGNED_LONG_LONG_INT 1
| #define HAVE_LONG_LONG_INT 1
| #define HAVE_SYS_SOCKET_H 1
| #define HAVE_ELF_H 1
| #define HAVE_DIRENT_H 1
| #define HAVE_FCNTL_H 1
| #define HAVE_MALLOC_H 1
| #define HAVE_NETDB_H 1
| #define HAVE_POLL_H 1
| #define HAVE_PTHREAD_H 1
| #define HAVE_STRINGS_H 1
| #define HAVE_SYS_IOCTL_H 1
| #define HAVE_SYS_PARAM_H 1
| #define HAVE_SYS_SELECT_H 1
| #define HAVE_SYS_STAT_H 1
| #define HAVE_SYS_SYSCTL_H 1
| #define HAVE_SYS_TIME_H 1
| #define HAVE_SYS_TYPES_H 1
| #define HAVE_UNISTD_H 1
| #define HAVE_ARPA_INET_H 1
| #define HAVE_IFADDRS_H 1
| #define HAVE_NETINET_IN_H 1
| #define HAVE_NETINET_TCP_H 1
| #define HAVE_NET_IF_H 1
| #define HAVE__BOOL 1
| #define HAVE_STDBOOL_H 1
| #define TIME_WITH_SYS_TIME 1
| /* end confdefs.h.  */
| #ifndef __APPLE_CC__
| 	       not a universal capable compiler
| 	     #endif
| 	     typedef int dummy;
| 
configure:13507: gcc -c -g -O2  conftest.c >&5
configure:13507: $? = 0
configure:13525: gcc -c -g -O2  conftest.c >&5
conftest.c: In function 'main':
conftest.c:57:4: error: unknown type name 'not'
    not big endian
    ^
conftest.c:57:12: error: expected '=', ',', ';', 'asm' or '__attribute__' before 'endian'
    not big endian
            ^
configure:13525: $? = 1
configure: failed program was:
| /* confdefs.h */
| #define PACKAGE_NAME "openocd"
| #define PACKAGE_TARNAME "openocd"
| #define PACKAGE_VERSION "0.10.0"
| #define PACKAGE_STRING "openocd 0.10.0"
| #define PACKAGE_BUGREPORT "OpenOCD Mailing List <openocd-devel@lists.sourceforge.net>"
| #define PACKAGE_URL ""
| #define PACKAGE "openocd"
| #define VERSION "0.10.0"
| #define STDC_HEADERS 1
| #define HAVE_SYS_TYPES_H 1
| #define HAVE_SYS_STAT_H 1
| #define HAVE_STDLIB_H 1
| #define HAVE_STRING_H 1
| #define HAVE_MEMORY_H 1
| #define HAVE_STRINGS_H 1
| #define HAVE_INTTYPES_H 1
| #define HAVE_STDINT_H 1
| #define HAVE_UNISTD_H 1
| #define HAVE_DLFCN_H 1
| #define LT_OBJDIR ".libs/"
| #define HAVE_UNSIGNED_LONG_LONG_INT 1
| #define HAVE_LONG_LONG_INT 1
| #define HAVE_SYS_SOCKET_H 1
| #define HAVE_ELF_H 1
| #define HAVE_DIRENT_H 1
| #define HAVE_FCNTL_H 1
| #define HAVE_MALLOC_H 1
| #define HAVE_NETDB_H 1
| #define HAVE_POLL_H 1
| #define HAVE_PTHREAD_H 1
| #define HAVE_STRINGS_H 1
| #define HAVE_SYS_IOCTL_H 1
| #define HAVE_SYS_PARAM_H 1
| #define HAVE_SYS_SELECT_H 1
| #define HAVE_SYS_STAT_H 1
| #define HAVE_SYS_SYSCTL_H 1
| #define HAVE_SYS_TIME_H 1
| #define HAVE_SYS_TYPES_H 1
| #define HAVE_UNISTD_H 1
| #define HAVE_ARPA_INET_H 1
| #define HAVE_IFADDRS_H 1
| #define HAVE_NETINET_IN_H 1
| #define HAVE_NETINET_TCP_H 1
| #define HAVE_NET_IF_H 1
| #define HAVE__BOOL 1
| #define HAVE_STDBOOL_H 1
| #define TIME_WITH_SYS_TIME 1
| /* end confdefs.h.  */
| #include <sys/types.h>
| 		#include <sys/param.h>
| 
| int
| main ()
| {
| #if BYTE_ORDER != BIG_ENDIAN
| 		 not big endian
| 		#endif
| 
|   ;
|   return 0;
| }
configure:13653: result: no
configure:13674: checking for strndup
configure:13674: gcc -o conftest -g -O2   conftest.c -ldl  >&5
conftest.c:73:6: warning: conflicting types for built-in function 'strndup'
 char strndup ();
      ^
configure:13674: $? = 0
configure:13674: result: yes
configure:13685: checking for strnlen
configure:13685: gcc -o conftest -g -O2   conftest.c -ldl  >&5
configure:13685: $? = 0
configure:13685: result: yes
configure:13696: checking for gettimeofday
configure:13696: gcc -o conftest -g -O2   conftest.c -ldl  >&5
configure:13696: $? = 0
configure:13696: result: yes
configure:13707: checking for usleep
configure:13707: gcc -o conftest -g -O2   conftest.c -ldl  >&5
configure:13707: $? = 0
configure:13707: result: yes
configure:13718: checking for vasprintf
configure:13718: gcc -o conftest -g -O2   conftest.c -ldl  >&5
configure:13718: $? = 0
configure:13718: result: yes
configure:13729: checking for realpath
configure:13729: gcc -o conftest -g -O2   conftest.c -ldl  >&5
configure:13729: $? = 0
configure:13729: result: yes
configure:13740: checking whether to build a release
configure:13751: result: yes
configure:13785: checking whether to build Doxygen as HTML
configure:13787: result: yes
configure:13798: checking whether to build Doxygen as PDF
configure:13800: result: no
configure:13860: checking whether to enable verbose JTAG I/O messages
configure:13862: result: no
configure:13872: checking whether to enable verbose USB I/O messages
configure:13874: result: no
configure:13884: checking whether to enable verbose USB communication messages
configure:13886: result: no
configure:13903: checking whether to enable malloc free space logging
configure:13905: result: no
configure:14217: checking whether to enable ZY1000 minidriver
configure:14232: result: no
configure:14243: checking whether to enable dummy minidriver
configure:14261: result: no
configure:14264: checking whether standard drivers can be built
configure:14276: result: yes
configure:14713: checking for LIBUSB1
configure:14720: $PKG_CONFIG --exists --print-errors "libusb-1.0"
configure:14723: $? = 0
configure:14737: $PKG_CONFIG --exists --print-errors "libusb-1.0"
configure:14740: $? = 0
configure:14786: result: yes
configure:14794: $PKG_CONFIG --exists --print-errors "libusb-1.0 >= 1.0.9"
configure:14797: $? = 0
configure:14807: libusb-1.0 header bug workaround: LIBUSB1_CFLAGS changed to "-isystem /usr/include/libusb-1.0"
configure:14810: $PKG_CONFIG --exists --print-errors "libusb-1.0 >= 1.0.16"
configure:14813: $? = 0
configure:14824: checking for LIBUSB0
configure:14831: $PKG_CONFIG --exists --print-errors "libusb"
configure:14834: $? = 0
configure:14848: $PKG_CONFIG --exists --print-errors "libusb"
configure:14851: $? = 0
configure:14889: result: yes
configure:14897: checking for HIDAPI
configure:14904: $PKG_CONFIG --exists --print-errors "$hidapi_lib"
Package hidapi was not found in the pkg-config search path.
Perhaps you should add the directory containing `hidapi.pc'
to the PKG_CONFIG_PATH environment variable
No package 'hidapi' found
configure:14907: $? = 1
configure:14921: $PKG_CONFIG --exists --print-errors "$hidapi_lib"
Package hidapi was not found in the pkg-config search path.
Perhaps you should add the directory containing `hidapi.pc'
to the PKG_CONFIG_PATH environment variable
No package 'hidapi' found
configure:14924: $? = 1
configure:14938: result: no
No package 'hidapi' found
configure:14897: checking for HIDAPI
configure:14904: $PKG_CONFIG --exists --print-errors "$hidapi_lib"
Package hidapi-hidraw was not found in the pkg-config search path.
Perhaps you should add the directory containing `hidapi-hidraw.pc'
to the PKG_CONFIG_PATH environment variable
No package 'hidapi-hidraw' found
configure:14907: $? = 1
configure:14921: $PKG_CONFIG --exists --print-errors "$hidapi_lib"
Package hidapi-hidraw was not found in the pkg-config search path.
Perhaps you should add the directory containing `hidapi-hidraw.pc'
to the PKG_CONFIG_PATH environment variable
No package 'hidapi-hidraw' found
configure:14924: $? = 1
configure:14938: result: no
No package 'hidapi-hidraw' found
configure:14897: checking for HIDAPI
configure:14904: $PKG_CONFIG --exists --print-errors "$hidapi_lib"
Package hidapi-libusb was not found in the pkg-config search path.
Perhaps you should add the directory containing `hidapi-libusb.pc'
to the PKG_CONFIG_PATH environment variable
No package 'hidapi-libusb' found
configure:14907: $? = 1
configure:14921: $PKG_CONFIG --exists --print-errors "$hidapi_lib"
Package hidapi-libusb was not found in the pkg-config search path.
Perhaps you should add the directory containing `hidapi-libusb.pc'
to the PKG_CONFIG_PATH environment variable
No package 'hidapi-libusb' found
configure:14924: $? = 1
configure:14938: result: no
No package 'hidapi-libusb' found
configure:14977: checking for LIBFTDI
configure:14984: $PKG_CONFIG --exists --print-errors "libftdi1"
Package libftdi1 was not found in the pkg-config search path.
Perhaps you should add the directory containing `libftdi1.pc'
to the PKG_CONFIG_PATH environment variable
No package 'libftdi1' found
configure:14987: $? = 1
configure:15001: $PKG_CONFIG --exists --print-errors "libftdi1"
Package libftdi1 was not found in the pkg-config search path.
Perhaps you should add the directory containing `libftdi1.pc'
to the PKG_CONFIG_PATH environment variable
No package 'libftdi1' found
configure:15004: $? = 1
configure:15018: result: no
No package 'libftdi1' found
configure:15037: checking for LIBFTDI
configure:15044: $PKG_CONFIG --exists --print-errors "libftdi"
configure:15047: $? = 0
configure:15061: $PKG_CONFIG --exists --print-errors "libftdi"
configure:15064: $? = 0
configure:15102: result: yes
configure:15193: checking for LIBJAYLINK
configure:15200: $PKG_CONFIG --exists --print-errors "libjaylink >= 0.1"
Package libjaylink was not found in the pkg-config search path.
Perhaps you should add the directory containing `libjaylink.pc'
to the PKG_CONFIG_PATH environment variable
No package 'libjaylink' found
configure:15203: $? = 1
configure:15217: $PKG_CONFIG --exists --print-errors "libjaylink >= 0.1"
Package libjaylink was not found in the pkg-config search path.
Perhaps you should add the directory containing `libjaylink.pc'
to the PKG_CONFIG_PATH environment variable
No package 'libjaylink' found
configure:15220: $? = 1
configure:15234: result: no
No package 'libjaylink' found
configure:16211: checking for environ in unistd.h and stdlib.h
configure:16229: gcc -c -g -O2  conftest.c >&5
configure:16229: $? = 0
configure:16231: result: yes
configure:16425: checking that generated files are newer than configure
configure:16431: result: done
configure:16659: creating ./config.status

## ---------------------- ##
## Running config.status. ##
## ---------------------- ##

This file was extended by openocd config.status 0.10.0, which was
generated by GNU Autoconf 2.69.  Invocation command line was

  CONFIG_FILES    = 
  CONFIG_HEADERS  = 
  CONFIG_LINKS    = 
  CONFIG_COMMANDS = 
  $ ./config.status 

on user-laptop

config.status:1279: creating Makefile
config.status:1279: creating config.h
config.status:1445: config.h is unchanged
config.status:1493: executing depfiles commands
config.status:1493: executing libtool commands
configure:18868: === configuring in jimtcl (/home/user/project/openocd-0.10.0/build/jimtcl)
configure:18931: running /bin/bash ../../jimtcl/configure.gnu --disable-option-checking '--prefix=/usr/local'  --cache-file=/dev/null --srcdir=../../jimtcl
configure:18868: === configuring in src/jtag/drivers/libjaylink (/home/user/project/openocd-0.10.0/build/src/jtag/drivers/libjaylink)
configure:18931: running /bin/bash ../../../../../src/jtag/drivers/libjaylink/configure.gnu --disable-option-checking '--prefix=/usr/local'  --cache-file=/dev/null --srcdir=../../../../../src/jtag/drivers/libjaylink

## ---------------- ##
## Cache variables. ##
## ---------------- ##

ac_cv_build=x86_64-pc-linux-gnu
ac_cv_c_bigendian=no
ac_cv_c_compiler_gnu=yes
ac_cv_c_const=yes
ac_cv_env_CC_set=
ac_cv_env_CC_value=
ac_cv_env_CFLAGS_set=
ac_cv_env_CFLAGS_value=
ac_cv_env_CPPFLAGS_set=
ac_cv_env_CPPFLAGS_value=
ac_cv_env_CPP_set=
ac_cv_env_CPP_value=
ac_cv_env_HIDAPI_CFLAGS_set=
ac_cv_env_HIDAPI_CFLAGS_value=
ac_cv_env_HIDAPI_LIBS_set=
ac_cv_env_HIDAPI_LIBS_value=
ac_cv_env_LDFLAGS_set=
ac_cv_env_LDFLAGS_value=
ac_cv_env_LIBFTDI_CFLAGS_set=
ac_cv_env_LIBFTDI_CFLAGS_value=
ac_cv_env_LIBFTDI_LIBS_set=
ac_cv_env_LIBFTDI_LIBS_value=
ac_cv_env_LIBJAYLINK_CFLAGS_set=
ac_cv_env_LIBJAYLINK_CFLAGS_value=
ac_cv_env_LIBJAYLINK_LIBS_set=
ac_cv_env_LIBJAYLINK_LIBS_value=
ac_cv_env_LIBS_set=
ac_cv_env_LIBS_value=
ac_cv_env_LIBUSB0_CFLAGS_set=
ac_cv_env_LIBUSB0_CFLAGS_value=
ac_cv_env_LIBUSB0_LIBS_set=
ac_cv_env_LIBUSB0_LIBS_value=
ac_cv_env_LIBUSB1_CFLAGS_set=
ac_cv_env_LIBUSB1_CFLAGS_value=
ac_cv_env_LIBUSB1_LIBS_set=
ac_cv_env_LIBUSB1_LIBS_value=
ac_cv_env_LT_SYS_LIBRARY_PATH_set=
ac_cv_env_LT_SYS_LIBRARY_PATH_value=
ac_cv_env_PKG_CONFIG_LIBDIR_set=
ac_cv_env_PKG_CONFIG_LIBDIR_value=
ac_cv_env_PKG_CONFIG_PATH_set=
ac_cv_env_PKG_CONFIG_PATH_value=
ac_cv_env_PKG_CONFIG_set=
ac_cv_env_PKG_CONFIG_value=
ac_cv_env_build_alias_set=
ac_cv_env_build_alias_value=
ac_cv_env_host_alias_set=
ac_cv_env_host_alias_value=
ac_cv_env_target_alias_set=
ac_cv_env_target_alias_value=
ac_cv_func_gettimeofday=yes
ac_cv_func_realpath=yes
ac_cv_func_strndup=yes
ac_cv_func_strnlen=yes
ac_cv_func_usleep=yes
ac_cv_func_vasprintf=yes
ac_cv_header_arpa_inet_h=yes
ac_cv_header_dirent_h=yes
ac_cv_header_dlfcn_h=yes
ac_cv_header_elf_h=yes
ac_cv_header_fcntl_h=yes
ac_cv_header_ifaddrs_h=yes
ac_cv_header_inttypes_h=yes
ac_cv_header_malloc_h=yes
ac_cv_header_memory_h=yes
ac_cv_header_net_if_h=yes
ac_cv_header_netdb_h=yes
ac_cv_header_netinet_in_h=yes
ac_cv_header_netinet_tcp_h=yes
ac_cv_header_poll_h=yes
ac_cv_header_pthread_h=yes
ac_cv_header_stdbool_h=yes
ac_cv_header_stdc=yes
ac_cv_header_stdint_h=yes
ac_cv_header_stdlib_h=yes
ac_cv_header_string_h=yes
ac_cv_header_strings_h=yes
ac_cv_header_sys_ioctl_h=yes
ac_cv_header_sys_param_h=yes
ac_cv_header_sys_select_h=yes
ac_cv_header_sys_socket_h=yes
ac_cv_header_sys_stat_h=yes
ac_cv_header_sys_sysctl_h=yes
ac_cv_header_sys_time_h=yes
ac_cv_header_sys_types_h=yes
ac_cv_header_time=yes
ac_cv_header_unistd_h=yes
ac_cv_host=x86_64-pc-linux-gnu
ac_cv_objext=o
ac_cv_path_EGREP='/bin/grep -E'
ac_cv_path_FGREP='/bin/grep -F'
ac_cv_path_GREP=/bin/grep
ac_cv_path_SED=/bin/sed
ac_cv_path_ac_pt_PKG_CONFIG=/usr/bin/pkg-config
ac_cv_path_install='/usr/bin/install -c'
ac_cv_path_lt_DD=/bin/dd
ac_cv_path_mkdir=/bin/mkdir
ac_cv_prog_AWK=mawk
ac_cv_prog_CPP='gcc -E'
ac_cv_prog_ac_ct_AR=ar
ac_cv_prog_ac_ct_CC=gcc
ac_cv_prog_ac_ct_MANIFEST_TOOL=mt
ac_cv_prog_ac_ct_OBJDUMP=objdump
ac_cv_prog_ac_ct_RANLIB=ranlib
ac_cv_prog_ac_ct_STRIP=strip
ac_cv_prog_cc_c89=
ac_cv_prog_cc_c99=
ac_cv_prog_cc_g=yes
ac_cv_prog_make_make_set=yes
ac_cv_search_dlopen=-ldl
ac_cv_search_ioperm='none required'
ac_cv_type__Bool=yes
ac_cv_type_long_long_int=yes
ac_cv_type_unsigned_long_long_int=yes
am_cv_CC_dependencies_compiler_type=gcc3
am_cv_make_support_nested_variables=yes
am_cv_prog_cc_c_o=yes
lt_cv_ar_at_file=@
lt_cv_deplibs_check_method=pass_all
lt_cv_file_magic_cmd='$MAGIC_CMD'
lt_cv_file_magic_test_file=
lt_cv_ld_reload_flag=-r
lt_cv_nm_interface='BSD nm'
lt_cv_objdir=.libs
lt_cv_path_LD=/usr/bin/ld
lt_cv_path_NM='/usr/bin/nm -B'
lt_cv_path_mainfest_tool=no
lt_cv_prog_compiler_c_o=yes
lt_cv_prog_compiler_pic='-fPIC -DPIC'
lt_cv_prog_compiler_pic_works=yes
lt_cv_prog_compiler_rtti_exceptions=no
lt_cv_prog_compiler_static_works=yes
lt_cv_prog_gnu_ld=yes
lt_cv_sharedlib_from_linklib_cmd='printf %s\n'
lt_cv_shlibpath_overrides_runpath=no
lt_cv_sys_global_symbol_pipe='sed -n -e '\''s/^.*[	 ]\([ABCDGIRSTW][ABCDGIRSTW]*\)[	 ][	 ]*\([_A-Za-z][_A-Za-z0-9]*\)$/\1 \2 \2/p'\'' | sed '\''/ __gnu_lto/d'\'''
lt_cv_sys_global_symbol_to_c_name_address='sed -n -e '\''s/^: \(.*\) .*$/  {"\1", (void *) 0},/p'\'' -e '\''s/^[ABCDGIRSTW][ABCDGIRSTW]* .* \(.*\)$/  {"\1", (void *) \&\1},/p'\'''
lt_cv_sys_global_symbol_to_c_name_address_lib_prefix='sed -n -e '\''s/^: \(.*\) .*$/  {"\1", (void *) 0},/p'\'' -e '\''s/^[ABCDGIRSTW][ABCDGIRSTW]* .* \(lib.*\)$/  {"\1", (void *) \&\1},/p'\'' -e '\''s/^[ABCDGIRSTW][ABCDGIRSTW]* .* \(.*\)$/  {"lib\1", (void *) \&\1},/p'\'''
lt_cv_sys_global_symbol_to_cdecl='sed -n -e '\''s/^T .* \(.*\)$/extern int \1();/p'\'' -e '\''s/^[ABCDGIRSTW][ABCDGIRSTW]* .* \(.*\)$/extern char \1;/p'\'''
lt_cv_sys_global_symbol_to_import=
lt_cv_sys_max_cmd_len=1572864
lt_cv_to_host_file_cmd=func_convert_file_noop
lt_cv_to_tool_file_cmd=func_convert_file_noop
lt_cv_truncate_bin='/bin/dd bs=4096 count=1'
pkg_cv_LIBFTDI_CFLAGS=
pkg_cv_LIBFTDI_LIBS=-lftdi
pkg_cv_LIBUSB0_CFLAGS=
pkg_cv_LIBUSB0_LIBS=-lusb
pkg_cv_LIBUSB1_CFLAGS=-I/usr/include/libusb-1.0
pkg_cv_LIBUSB1_LIBS=-lusb-1.0

## ----------------- ##
## Output variables. ##
## ----------------- ##

ACLOCAL='${SHELL} /home/user/project/openocd-0.10.0/missing aclocal-1.15'
AICE_FALSE='#'
AICE_TRUE=''
AMDEPBACKSLASH='\'
AMDEP_FALSE='#'
AMDEP_TRUE=''
AMTAR='$${TAR-tar}'
AMTJTAGACCEL_FALSE=''
AMTJTAGACCEL_TRUE='#'
AM_BACKSLASH='\'
AM_DEFAULT_V='$(AM_DEFAULT_VERBOSITY)'
AM_DEFAULT_VERBOSITY='1'
AM_V='$(V)'
AR='ar'
ARMJTAGEW_FALSE='#'
ARMJTAGEW_TRUE=''
AT91RM9200_FALSE=''
AT91RM9200_TRUE='#'
AUTOCONF='${SHELL} /home/user/project/openocd-0.10.0/missing autoconf'
AUTOHEADER='${SHELL} /home/user/project/openocd-0.10.0/missing autoheader'
AUTOMAKE='${SHELL} /home/user/project/openocd-0.10.0/missing automake-1.15'
AWK='mawk'
BCM2835GPIO_FALSE=''
BCM2835GPIO_TRUE='#'
BITBANG_FALSE=''
BITBANG_TRUE='#'
BITQ_FALSE='#'
BITQ_TRUE=''
BUSPIRATE_FALSE=''
BUSPIRATE_TRUE='#'
CC='gcc'
CCDEPMODE='depmode=gcc3'
CFLAGS='-g -O2'
CMSIS_DAP_FALSE=''
CMSIS_DAP_TRUE='#'
CPP='gcc -E'
CPPFLAGS=''
CYGPATH_W='echo'
DEFS='-DHAVE_CONFIG_H'
DEPDIR='.deps'
DLLTOOL='false'
DSYMUTIL=''
DUMMY_FALSE=''
DUMMY_TRUE='#'
DUMPBIN=''
ECHO_C=''
ECHO_N='-n'
ECHO_T=''
EGREP='/bin/grep -E'
EP93XX_FALSE=''
EP93XX_TRUE='#'
EXEEXT=''
FGREP='/bin/grep -F'
FTDI_FALSE='#'
FTDI_TRUE=''
GCC_WARNINGS='-Wall -Wstrict-prototypes -Wformat-security -Wshadow -Wextra -Wno-unused-parameter -Wbad-function-cast -Wcast-align -Wredundant-decls -Werror'
GIVEIO_FALSE=''
GIVEIO_TRUE='#'
GREP='/bin/grep'
GW16012_FALSE=''
GW16012_TRUE='#'
HIDAPI_CFLAGS=''
HIDAPI_LIBS=''
HLADAPTER_FALSE='#'
HLADAPTER_ICDI_FALSE='#'
HLADAPTER_ICDI_TRUE=''
HLADAPTER_STLINK_FALSE='#'
HLADAPTER_STLINK_TRUE=''
HLADAPTER_TRUE=''
HOST_CPPFLAGS=''
INSTALL_DATA='${INSTALL} -m 644'
INSTALL_PROGRAM='${INSTALL}'
INSTALL_SCRIPT='${INSTALL}'
INSTALL_STRIP_PROGRAM='$(install_sh) -c -s'
INTERNAL_JIMTCL_FALSE='#'
INTERNAL_JIMTCL_TRUE=''
INTERNAL_LIBJAYLINK_FALSE='#'
INTERNAL_LIBJAYLINK_TRUE=''
IOUTIL_FALSE=''
IOUTIL_TRUE='#'
IS_CYGWIN_FALSE=''
IS_CYGWIN_TRUE='#'
IS_DARWIN_FALSE=''
IS_DARWIN_TRUE='#'
IS_MINGW_FALSE=''
IS_MINGW_TRUE='#'
IS_WIN32_FALSE=''
IS_WIN32_TRUE='#'
JLINK_FALSE='#'
JLINK_TRUE=''
JTAG_VPI_FALSE=''
JTAG_VPI_TRUE='#'
LD='/usr/bin/ld -m elf_x86_64'
LDFLAGS=''
LIBFTDI_CFLAGS=''
LIBFTDI_LIBS='-lftdi'
LIBJAYLINK_CFLAGS=''
LIBJAYLINK_LIBS=''
LIBOBJS=''
LIBS='-ldl '
LIBTOOL='$(SHELL) $(top_builddir)/libtool'
LIBTOOL_DEPS='../ltmain.sh'
LIBUSB0_CFLAGS=''
LIBUSB0_LIBS='-lusb'
LIBUSB1_CFLAGS='-isystem /usr/include/libusb-1.0'
LIBUSB1_LIBS='-lusb-1.0'
LIPO=''
LN_S='ln -s'
LTLIBOBJS=''
LT_SYS_LIBRARY_PATH=''
MAKEINFO='echo makeinfo missing; true'
MANIFEST_TOOL=':'
MINIDRIVER_DUMMY_FALSE=''
MINIDRIVER_DUMMY_TRUE='#'
MINIDRIVER_FALSE=''
MINIDRIVER_TRUE='#'
MKDIR_P='/bin/mkdir -p'
NM='/usr/bin/nm -B'
NMEDIT=''
OBJDUMP='objdump'
OBJEXT='o'
OOCD_TRACE_FALSE=''
OOCD_TRACE_TRUE='#'
OPENDOUS_FALSE='#'
OPENDOUS_TRUE=''
OPENJTAG_FALSE='#'
OPENJTAG_TRUE=''
OSBDM_FALSE='#'
OSBDM_TRUE=''
OTOOL64=''
OTOOL=''
PACKAGE='openocd'
PACKAGE_BUGREPORT='OpenOCD Mailing List <openocd-devel@lists.sourceforge.net>'
PACKAGE_NAME='openocd'
PACKAGE_STRING='openocd 0.10.0'
PACKAGE_TARNAME='openocd'
PACKAGE_URL=''
PACKAGE_VERSION='0.10.0'
PARPORT_FALSE=''
PARPORT_TRUE='#'
PATH_SEPARATOR=':'
PKG_CONFIG='/usr/bin/pkg-config'
PKG_CONFIG_LIBDIR=''
PKG_CONFIG_PATH=''
PRESTO_FALSE='#'
PRESTO_TRUE=''
RANLIB='ranlib'
RELEASE_FALSE='#'
RELEASE_TRUE=''
REMOTE_BITBANG_FALSE=''
REMOTE_BITBANG_TRUE='#'
RLINK_FALSE='#'
RLINK_TRUE=''
SED='/bin/sed'
SET_MAKE=''
SHELL='/bin/bash'
STRIP='strip'
SYSFSGPIO_FALSE=''
SYSFSGPIO_TRUE='#'
ULINK_FALSE='#'
ULINK_TRUE=''
USBPROG_FALSE='#'
USBPROG_TRUE=''
USB_BLASTER_2_FALSE='#'
USB_BLASTER_2_TRUE=''
USB_BLASTER_DRIVER_FALSE='#'
USB_BLASTER_DRIVER_TRUE=''
USB_BLASTER_FALSE='#'
USB_BLASTER_TRUE=''
USE_HIDAPI_FALSE=''
USE_HIDAPI_TRUE='#'
USE_LIBFTDI_FALSE='#'
USE_LIBFTDI_TRUE=''
USE_LIBJAYLINK_FALSE=''
USE_LIBJAYLINK_TRUE='#'
USE_LIBUSB0_FALSE='#'
USE_LIBUSB0_TRUE=''
USE_LIBUSB1_FALSE='#'
USE_LIBUSB1_TRUE=''
VERSION='0.10.0'
VSLLINK_FALSE='#'
VSLLINK_TRUE=''
ZY1000_FALSE=''
ZY1000_MASTER_FALSE=''
ZY1000_MASTER_TRUE='#'
ZY1000_TRUE='#'
ac_ct_AR='ar'
ac_ct_CC='gcc'
ac_ct_DUMPBIN=''
am__EXEEXT_FALSE=''
am__EXEEXT_TRUE='#'
am__fastdepCC_FALSE='#'
am__fastdepCC_TRUE=''
am__include='include'
am__isrc=' -I$(srcdir)'
am__leading_dot='.'
am__nodep='_no'
am__quote=''
am__tar='$${TAR-tar} chof - "$$tardir"'
am__untar='$${TAR-tar} xf -'
bindir='${exec_prefix}/bin'
build='x86_64-pc-linux-gnu'
build_alias=''
build_cpu='x86_64'
build_os='linux-gnu'
build_vendor='pc'
datadir='${datarootdir}'
datarootdir='${prefix}/share'
docdir='${datarootdir}/doc/${PACKAGE_TARNAME}'
doxygen_as_html='yes'
doxygen_as_pdf='no'
dvidir='${docdir}'
exec_prefix='${prefix}'
host='x86_64-pc-linux-gnu'
host_alias=''
host_cpu='x86_64'
host_os='linux-gnu'
host_vendor='pc'
htmldir='${docdir}'
includedir='${prefix}/include'
infodir='${datarootdir}/info'
install_sh='${SHELL} /home/user/project/openocd-0.10.0/install-sh'
libdir='${exec_prefix}/lib'
libexecdir='${exec_prefix}/libexec'
localedir='${datarootdir}/locale'
localstatedir='${prefix}/var'
mandir='${datarootdir}/man'
mkdir_p='$(MKDIR_P)'
oldincludedir='/usr/include'
pdfdir='${docdir}'
prefix='/usr/local'
program_transform_name='s,x,x,'
psdir='${docdir}'
runstatedir='${localstatedir}/run'
sbindir='${exec_prefix}/sbin'
sharedstatedir='${prefix}/com'
subdirs=' jimtcl src/jtag/drivers/libjaylink'
sysconfdir='${prefix}/etc'
target_alias=''

## ----------- ##
## confdefs.h. ##
## ----------- ##

/* confdefs.h */
#define PACKAGE_NAME "openocd"
#define PACKAGE_TARNAME "openocd"
#define PACKAGE_VERSION "0.10.0"
#define PACKAGE_STRING "openocd 0.10.0"
#define PACKAGE_BUGREPORT "OpenOCD Mailing List <openocd-devel@lists.sourceforge.net>"
#define PACKAGE_URL ""
#define PACKAGE "openocd"
#define VERSION "0.10.0"
#define STDC_HEADERS 1
#define HAVE_SYS_TYPES_H 1
#define HAVE_SYS_STAT_H 1
#define HAVE_STDLIB_H 1
#define HAVE_STRING_H 1
#define HAVE_MEMORY_H 1
#define HAVE_STRINGS_H 1
#define HAVE_INTTYPES_H 1
#define HAVE_STDINT_H 1
#define HAVE_UNISTD_H 1
#define HAVE_DLFCN_H 1
#define LT_OBJDIR ".libs/"
#define HAVE_UNSIGNED_LONG_LONG_INT 1
#define HAVE_LONG_LONG_INT 1
#define HAVE_SYS_SOCKET_H 1
#define HAVE_ELF_H 1
#define HAVE_DIRENT_H 1
#define HAVE_FCNTL_H 1
#define HAVE_MALLOC_H 1
#define HAVE_NETDB_H 1
#define HAVE_POLL_H 1
#define HAVE_PTHREAD_H 1
#define HAVE_STRINGS_H 1
#define HAVE_SYS_IOCTL_H 1
#define HAVE_SYS_PARAM_H 1
#define HAVE_SYS_SELECT_H 1
#define HAVE_SYS_STAT_H 1
#define HAVE_SYS_SYSCTL_H 1
#define HAVE_SYS_TIME_H 1
#define HAVE_SYS_TYPES_H 1
#define HAVE_UNISTD_H 1
#define HAVE_ARPA_INET_H 1
#define HAVE_IFADDRS_H 1
#define HAVE_NETINET_IN_H 1
#define HAVE_NETINET_TCP_H 1
#define HAVE_NET_IF_H 1
#define HAVE__BOOL 1
#define HAVE_STDBOOL_H 1
#define TIME_WITH_SYS_TIME 1
#define HAVE_STRNDUP 1
#define HAVE_STRNLEN 1
#define HAVE_GETTIMEOFDAY 1
#define HAVE_USLEEP 1
#define HAVE_VASPRINTF 1
#define HAVE_REALPATH 1
#define IS_CYGWIN 0
#define IS_MINGW 0
#define IS_WIN32 0
#define IS_DARWIN 0
#define BUILD_PARPORT 0
#define BUILD_DUMMY 0
#define BUILD_EP93XX 0
#define BUILD_ZY1000 0
#define BUILD_ZY1000_MASTER 0
#define BUILD_AT91RM9200 0
#define BUILD_BCM2835GPIO 0
#define PARPORT_USE_PPDEV 1
#define PARPORT_USE_GIVEIO 0
#define BUILD_JTAG_VPI 0
#define BUILD_AMTJTAGACCEL 0
#define BUILD_GW16012 0
#define BUILD_OOCD_TRACE 0
#define BUILD_BUSPIRATE 0
#define BUILD_REMOTE_BITBANG 0
#define BUILD_SYSFSGPIO 0
#define HAVE_LIBUSB1 1
#define HAVE_LIBUSB_ERROR_NAME 1
#define HAVE_LIBUSB_GET_PORT_NUMBERS 1
#define BUILD_FTDI 1
#define BUILD_HLADAPTER_STLINK 1
#define BUILD_HLADAPTER_ICDI 1
#define BUILD_ULINK 1
#define BUILD_USB_BLASTER_2 1
#define BUILD_VSLLINK 1
#define BUILD_OSBDM 1
#define BUILD_OPENDOUS 1
#define BUILD_AICE 1
#define BUILD_USBPROG 1
#define BUILD_RLINK 1
#define BUILD_ARMJTAGEW 1
#define BUILD_USB_BLASTER 1
#define BUILD_PRESTO 1
#define BUILD_OPENJTAG 1
#define BUILD_JLINK 1
#define BUILD_HLADAPTER 1
#define _GNU_SOURCE 1

configure: exit 0
