 [IF-CMD-PKT]'qSupported:multiprocess+;qRelocInsn+'
 [IF-CMD-PKT]'QStartNoAckMode'
 [IF-CMD-PKT]'Hg0'
 [IF-CMD-PKT]'qXfer:features:read:target.xml:0,fff'
 [IF-CMD-PKT]'qXfer:features:read:target.xml:fff,1000'
 [IF-CMD-PKT]'qTStatus'
 [IF-CMD-PKT]'?'
 [IF-CMD-PKT]'qXfer:threads:read::0,fff'
 [IF-CMD-PKT]'Hc-1'
 [IF-CMD-PKT]'qC'
 [IF-CMD-PKT]'qAttached'
 [IF-CMD-PKT]'qOffsets'
 [IF-CMD-PKT]'g'
 [IF-CMD-PKT]'m0,4'
 [IF-CMD-PKT]'qSymbol::'
 [IF-CMD-PKT]'qRcmd,68616c74'
 [IF-CMD-BUF]'Xffffffff80000000,0:<binary-data>'
 [IF-CMD-BUF]'X80000000,60:<binary-data>'
 [IF-CMD-BUF]'X80000060,18:<binary-data>'
 [IF-CMD-PKT]'P25=00000080'
 [IF-CMD-PKT]'m8000004c,4'
 [IF-CMD-PKT]'m80000050,4'
 [IF-CMD-PKT]'m80000000,4'
 [IF-CMD-PKT]'Z0,80000050,4'
 [IF-CMD-PKT]'vCont?'
 [IF-CMD-PKT]'Hc0'
 [IF-CMD-PKT]'c'
 [IF-CMD-PKT]'g'
 [IF-CMD-PKT]'z0,80000050,4'
 [IF-CMD-PKT]'Hc0'
 [IF-CMD-PKT]'s'
 [IF-CMD-PKT]'g'
 [IF-CMD-PKT]'m8000004c,4'
 [IF-CMD-PKT]'m8000004c,4'
 [IF-CMD-PKT]'Z0,80000050,4'
 [IF-CMD-PKT]'Hc0'
 [IF-CMD-PKT]'s'
 [IF-CMD-PKT]'g'
 [IF-CMD-PKT]'z0,80000050,4'
 [IF-CMD-PKT]'Hc0'
 [IF-CMD-PKT]'s'
 [IF-CMD-PKT]'g'
 [IF-CMD-PKT]'m8000004c,4'
 [IF-CMD-PKT]'m8000004c,4'
 [IF-CMD-PKT]'Z0,80000050,4'
 [IF-CMD-PKT]'Hc0'
 [IF-CMD-PKT]'s'
 [IF-CMD-PKT]'g'
 [IF-CMD-PKT]'z0,80000050,4'
 [IF-CMD-PKT]'Hc0'
 [IF-CMD-PKT]'s'
 [IF-CMD-PKT]'g'
 [IF-CMD-PKT]'m8000004c,4'
 [IF-CMD-PKT]'m8000004c,4'
 [IF-CMD-PKT]'Z0,80000050,4'
 [IF-CMD-PKT]'Hc0'
 [IF-CMD-PKT]'s'
 [IF-CMD-PKT]'g'
 [IF-CMD-PKT]'z0,80000050,4'
 [IF-CMD-PKT]'Hc0'
 [IF-CMD-PKT]'s'
 [IF-CMD-PKT]'g'
 [IF-CMD-PKT]'m8000004c,4'
 [IF-CMD-PKT]'m8000004c,4'
 [IF-CMD-PKT]'Z0,80000050,4'
 [IF-CMD-PKT]'Hc0'
 [IF-CMD-PKT]'s'
 [IF-CMD-PKT]'g'
 [IF-CMD-PKT]'z0,80000050,4'
 [IF-CMD-PKT]'Hc0'
 [IF-CMD-PKT]'s'
 [IF-CMD-PKT]'g'
 [IF-CMD-PKT]'m8000004c,4'
